[2018-11-21T17:52:07.805] [INFO] pack - tetettet
[2018-11-21T17:55:10.798] [INFO] pack - 可打包项
[2018-11-21T17:59:57.521] [INFO] pack - tetettet
[2018-11-21T18:00:36.239] [INFO] pack - 可打包项
[2018-11-21T18:00:39.269] [INFO] pack - 可打包项
[2018-11-21T18:17:12.519] [INFO] pack - tetettet
[2018-12-05T13:52:46.167] [INFO] pack - > Ready on http://localhost:3001
[2018-12-05T13:54:26.782] [INFO] pack - > Ready on http://localhost:3001
[2018-12-05T13:54:34.917] [INFO] pack - 可打包项
[2018-12-05T13:54:34.920] [INFO] pack - 可下载项 []
[2018-12-05T13:54:37.632] [INFO] pack - /Users/USER/TrainingCamp/lubanso-packager/lubanso/1.2.0/app/pyserver/ storage dir
[2018-12-05T13:55:24.180] [INFO] pack - 可打包项
[2018-12-05T13:55:24.181] [INFO] pack - 可下载项 []
[2018-12-05T13:55:41.634] [INFO] pack - 可打包项
[2018-12-05T13:55:41.635] [INFO] pack - 可下载项 []
[2018-12-05T13:58:14.398] [INFO] pack - 可打包项
[2018-12-05T13:58:14.399] [INFO] pack - 可下载项 []
[2018-12-05T13:58:14.545] [INFO] pack - 可打包项
[2018-12-05T13:58:14.546] [INFO] pack - 可下载项 []
[2018-12-05T13:58:29.522] [INFO] pack - 可打包项
[2018-12-05T13:58:29.523] [INFO] pack - 可下载项 []
[2018-12-05T13:58:33.597] [INFO] pack - 可打包项
[2018-12-05T13:58:33.598] [INFO] pack - 可下载项 []
[2018-12-05T13:58:50.856] [INFO] pack - 可打包项
[2018-12-05T13:58:50.857] [INFO] pack - 可下载项 []
[2018-12-05T13:59:50.538] [INFO] pack - 可下载项 []
[2018-12-05T13:59:50.540] [INFO] pack - 可打包项
[2018-12-05T14:00:26.553] [INFO] pack - 可打包项
[2018-12-05T14:00:26.554] [INFO] pack - 可下载项 []
[2018-12-05T14:01:59.352] [INFO] pack - 可打包项
[2018-12-05T14:01:59.354] [INFO] pack - 可下载项 []
[2018-12-05T14:02:59.675] [INFO] pack - 可下载项 []
[2018-12-05T14:02:59.677] [INFO] pack - 可打包项
[2018-12-05T14:12:30.393] [INFO] pack - 可下载项 []
[2018-12-05T14:12:30.394] [INFO] pack - 可打包项
[2018-12-05T14:12:44.179] [INFO] pack - 可打包项
[2018-12-05T14:12:44.181] [INFO] pack - 可下载项 []
[2018-12-05T14:12:46.602] [INFO] pack - 可打包项
[2018-12-05T14:12:46.603] [INFO] pack - 可下载项 []
[2018-12-05T14:16:04.673] [INFO] pack - 可打包项
[2018-12-05T14:16:04.673] [INFO] pack - 可下载项 []
[2018-12-05T14:16:52.528] [INFO] pack - 可打包项
[2018-12-05T14:16:52.539] [INFO] pack - 可下载项 []
[2018-12-05T14:16:56.420] [INFO] pack - 可打包项
[2018-12-05T14:16:56.421] [INFO] pack - 可下载项 []
[2018-12-05T14:18:02.473] [INFO] pack - 可打包项
[2018-12-05T14:18:02.477] [INFO] pack - 可下载项 []
[2018-12-05T14:18:43.800] [INFO] pack - 可打包项
[2018-12-05T14:18:43.878] [INFO] pack - 可下载项 []
[2018-12-05T14:18:58.143] [INFO] pack - 可打包项
[2018-12-05T14:18:58.145] [INFO] pack - 可下载项 []
[2018-12-05T14:19:16.142] [INFO] pack - [ { name: 'Lubanso-1.2.0.dmg',
    url: 'http://localhost:3001/static/output/Lubanso-1.2.0.dmg' } ] 'static/output/Lubanso-1.2.0.dmg' '打完包'
[2018-12-05T14:19:58.496] [INFO] pack - 可打包项
[2018-12-05T14:19:58.497] [INFO] pack - 可下载项 [ { name: 'Lubanso-1.2.0.dmg',
    url: 'http://localhost:3001/static/output/Lubanso-1.2.0.dmg' } ]
[2018-12-05T14:21:09.524] [INFO] pack - > Ready on http://localhost:3001
[2018-12-05T14:21:20.011] [INFO] pack - 可打包项
[2018-12-05T14:21:20.014] [INFO] pack - 可下载项 [ { name: 'Lubanso-1.2.0.dmg',
    url: 'http://localhost:3001/static/output/Lubanso-1.2.0.dmg' } ]
[2018-12-05T14:21:20.147] [ERROR] pack - getCorePlatForm err TypeError: Cannot match against 'undefined' or 'null'.
    at Promise (/Users/USER/TrainingCamp/lubanso-packager/utils/saveFile.js:11:28)
    at Promise (<anonymous>)
    at getCorePlatform (/Users/USER/TrainingCamp/lubanso-packager/utils/saveFile.js:10:3)
    at Socket.<anonymous> (/Users/USER/TrainingCamp/lubanso-packager/server.js:82:28)
    at emitOne (events.js:115:13)
    at Socket.emit (events.js:210:7)
    at /Users/USER/TrainingCamp/lubanso-packager/node_modules/socket.io/lib/socket.js:528:12
    at _combinedTickCallback (internal/process/next_tick.js:131:7)
    at process._tickCallback (internal/process/next_tick.js:180:9)
[2018-12-05T14:22:34.677] [INFO] pack - > Ready on http://localhost:3001
[2018-12-05T14:22:41.933] [INFO] pack - 可打包项
[2018-12-05T14:22:41.937] [INFO] pack - 可下载项 [ { name: 'Lubanso-1.2.0.dmg',
    url: 'http://localhost:3001/static/output/Lubanso-1.2.0.dmg' } ]
[2018-12-05T14:22:42.070] [ERROR] pack - getCorePlatForm err TypeError: Cannot match against 'undefined' or 'null'.
    at Promise (/Users/USER/TrainingCamp/lubanso-packager/utils/saveFile.js:12:28)
    at Promise (<anonymous>)
    at getCorePlatform (/Users/USER/TrainingCamp/lubanso-packager/utils/saveFile.js:10:3)
    at Socket.<anonymous> (/Users/USER/TrainingCamp/lubanso-packager/server.js:82:28)
    at emitOne (events.js:115:13)
    at Socket.emit (events.js:210:7)
    at /Users/USER/TrainingCamp/lubanso-packager/node_modules/socket.io/lib/socket.js:528:12
    at _combinedTickCallback (internal/process/next_tick.js:131:7)
    at process._tickCallback (internal/process/next_tick.js:180:9)
[2018-12-05T14:22:43.931] [INFO] pack - 可打包项
[2018-12-05T14:22:43.932] [INFO] pack - 可下载项 [ { name: 'Lubanso-1.2.0.dmg',
    url: 'http://localhost:3001/static/output/Lubanso-1.2.0.dmg' } ]
[2018-12-05T14:22:43.994] [ERROR] pack - getCorePlatForm err TypeError: Cannot match against 'undefined' or 'null'.
    at Promise (/Users/USER/TrainingCamp/lubanso-packager/utils/saveFile.js:12:28)
    at Promise (<anonymous>)
    at getCorePlatform (/Users/USER/TrainingCamp/lubanso-packager/utils/saveFile.js:10:3)
    at Socket.<anonymous> (/Users/USER/TrainingCamp/lubanso-packager/server.js:82:28)
    at emitOne (events.js:115:13)
    at Socket.emit (events.js:210:7)
    at /Users/USER/TrainingCamp/lubanso-packager/node_modules/socket.io/lib/socket.js:528:12
    at _combinedTickCallback (internal/process/next_tick.js:131:7)
    at process._tickCallback (internal/process/next_tick.js:180:9)
[2018-12-05T14:23:21.036] [ERROR] pack - getCorePlatForm err TypeError: Cannot match against 'undefined' or 'null'.
    at Promise (/Users/USER/TrainingCamp/lubanso-packager/utils/saveFile.js:12:28)
    at Promise (<anonymous>)
    at getCorePlatform (/Users/USER/TrainingCamp/lubanso-packager/utils/saveFile.js:10:3)
    at Socket.<anonymous> (/Users/USER/TrainingCamp/lubanso-packager/server.js:82:28)
    at emitOne (events.js:115:13)
    at Socket.emit (events.js:210:7)
    at /Users/USER/TrainingCamp/lubanso-packager/node_modules/socket.io/lib/socket.js:528:12
    at _combinedTickCallback (internal/process/next_tick.js:131:7)
    at process._tickCallback (internal/process/next_tick.js:180:9)
[2018-12-05T14:23:21.040] [INFO] pack - 可打包项
[2018-12-05T14:23:21.041] [INFO] pack - 可下载项 [ { name: 'Lubanso-1.2.0.dmg',
    url: 'http://localhost:3001/static/output/Lubanso-1.2.0.dmg' } ]
[2018-12-05T14:23:31.518] [INFO] pack - 可打包项
[2018-12-05T14:23:31.521] [INFO] pack - 可下载项 [ { name: 'Lubanso-1.2.0.dmg',
    url: 'http://localhost:3001/static/output/Lubanso-1.2.0.dmg' } ]
[2018-12-05T14:23:31.702] [ERROR] pack - getCorePlatForm err TypeError: Cannot match against 'undefined' or 'null'.
    at Promise (/Users/USER/TrainingCamp/lubanso-packager/utils/saveFile.js:12:28)
    at Promise (<anonymous>)
    at getCorePlatform (/Users/USER/TrainingCamp/lubanso-packager/utils/saveFile.js:10:3)
    at Socket.<anonymous> (/Users/USER/TrainingCamp/lubanso-packager/server.js:82:28)
    at emitOne (events.js:115:13)
    at Socket.emit (events.js:210:7)
    at /Users/USER/TrainingCamp/lubanso-packager/node_modules/socket.io/lib/socket.js:528:12
    at _combinedTickCallback (internal/process/next_tick.js:131:7)
    at process._tickCallback (internal/process/next_tick.js:180:9)
[2018-12-05T14:25:01.417] [INFO] pack - > Ready on http://localhost:3001
[2018-12-05T14:25:09.360] [INFO] pack - 可打包项
[2018-12-05T14:25:09.367] [INFO] pack - 可下载项 [ { name: 'Lubanso-1.2.0.dmg',
    url: 'http://localhost:3001/static/output/Lubanso-1.2.0.dmg' } ]
[2018-12-05T14:25:09.483] [ERROR] pack - getCorePlatForm err TypeError: Path must be a string. Received {}
    at assertPath (path.js:28:11)
    at Object.join (path.js:1239:7)
    at Promise (/Users/USER/TrainingCamp/lubanso-packager/utils/saveFile.js:11:22)
    at Promise (<anonymous>)
    at getCorePlatform (/Users/USER/TrainingCamp/lubanso-packager/utils/saveFile.js:10:3)
    at Socket.<anonymous> (/Users/USER/TrainingCamp/lubanso-packager/server.js:82:28)
    at emitOne (events.js:115:13)
    at Socket.emit (events.js:210:7)
    at /Users/USER/TrainingCamp/lubanso-packager/node_modules/socket.io/lib/socket.js:528:12
    at _combinedTickCallback (internal/process/next_tick.js:131:7)
    at process._tickCallback (internal/process/next_tick.js:180:9)
[2018-12-05T14:26:45.182] [INFO] pack - 可打包项
[2018-12-05T14:26:45.184] [INFO] pack - 可下载项 [ { name: 'Lubanso-1.2.0.dmg',
    url: 'http://localhost:3001/static/output/Lubanso-1.2.0.dmg' } ]
[2018-12-05T14:26:45.262] [ERROR] pack - getCorePlatForm err TypeError: Path must be a string. Received { version: '1.2.0' }
    at assertPath (path.js:28:11)
    at Object.join (path.js:1239:7)
    at Promise (/Users/USER/TrainingCamp/lubanso-packager/utils/saveFile.js:11:22)
    at Promise (<anonymous>)
    at getCorePlatform (/Users/USER/TrainingCamp/lubanso-packager/utils/saveFile.js:10:3)
    at Socket.<anonymous> (/Users/USER/TrainingCamp/lubanso-packager/server.js:82:28)
    at emitOne (events.js:115:13)
    at Socket.emit (events.js:210:7)
    at /Users/USER/TrainingCamp/lubanso-packager/node_modules/socket.io/lib/socket.js:528:12
    at _combinedTickCallback (internal/process/next_tick.js:131:7)
    at process._tickCallback (internal/process/next_tick.js:180:9)
[2018-12-05T14:26:53.038] [INFO] pack - 可打包项
[2018-12-05T14:26:53.040] [INFO] pack - 可下载项 [ { name: 'Lubanso-1.2.0.dmg',
    url: 'http://localhost:3001/static/output/Lubanso-1.2.0.dmg' } ]
[2018-12-05T14:26:53.208] [ERROR] pack - getCorePlatForm err TypeError: Path must be a string. Received {}
    at assertPath (path.js:28:11)
    at Object.join (path.js:1239:7)
    at Promise (/Users/USER/TrainingCamp/lubanso-packager/utils/saveFile.js:11:22)
    at Promise (<anonymous>)
    at getCorePlatform (/Users/USER/TrainingCamp/lubanso-packager/utils/saveFile.js:10:3)
    at Socket.<anonymous> (/Users/USER/TrainingCamp/lubanso-packager/server.js:82:28)
    at emitOne (events.js:115:13)
    at Socket.emit (events.js:210:7)
    at /Users/USER/TrainingCamp/lubanso-packager/node_modules/socket.io/lib/socket.js:528:12
    at _combinedTickCallback (internal/process/next_tick.js:131:7)
    at process._tickCallback (internal/process/next_tick.js:180:9)
[2018-12-05T14:27:34.735] [INFO] pack - 可下载项 [ { name: 'Lubanso-1.2.0.dmg',
    url: 'http://localhost:3001/static/output/Lubanso-1.2.0.dmg' } ]
[2018-12-05T14:27:34.736] [INFO] pack - 可打包项
[2018-12-05T14:27:34.882] [ERROR] pack - getCorePlatForm err TypeError: Path must be a string. Received { version: '1.2.0' }
    at assertPath (path.js:28:11)
    at Object.join (path.js:1239:7)
    at Promise (/Users/USER/TrainingCamp/lubanso-packager/utils/saveFile.js:11:22)
    at Promise (<anonymous>)
    at getCorePlatform (/Users/USER/TrainingCamp/lubanso-packager/utils/saveFile.js:10:3)
    at Socket.<anonymous> (/Users/USER/TrainingCamp/lubanso-packager/server.js:82:28)
    at emitOne (events.js:115:13)
    at Socket.emit (events.js:210:7)
    at /Users/USER/TrainingCamp/lubanso-packager/node_modules/socket.io/lib/socket.js:528:12
    at _combinedTickCallback (internal/process/next_tick.js:131:7)
    at process._tickCallback (internal/process/next_tick.js:180:9)
[2018-12-05T14:34:14.505] [INFO] pack - > Ready on http://localhost:3001
[2018-12-05T14:34:22.019] [INFO] pack - 可打包项
[2018-12-05T14:34:22.028] [INFO] pack - 可下载项 [ { name: 'Lubanso-1.2.0.dmg',
    url: 'http://localhost:3001/static/output/Lubanso-1.2.0.dmg' } ]
[2018-12-05T14:34:22.132] [ERROR] pack - getCorePlatForm err TypeError: Path must be a string. Received undefined
    at assertPath (path.js:28:11)
    at Object.join (path.js:1239:7)
    at Promise (/Users/USER/TrainingCamp/lubanso-packager/utils/saveFile.js:13:22)
    at Promise (<anonymous>)
    at getCorePlatform (/Users/USER/TrainingCamp/lubanso-packager/utils/saveFile.js:11:3)
    at Socket.<anonymous> (/Users/USER/TrainingCamp/lubanso-packager/server.js:81:28)
    at emitOne (events.js:115:13)
    at Socket.emit (events.js:210:7)
    at /Users/USER/TrainingCamp/lubanso-packager/node_modules/socket.io/lib/socket.js:528:12
    at _combinedTickCallback (internal/process/next_tick.js:131:7)
    at process._tickCallback (internal/process/next_tick.js:180:9)
[2018-12-05T14:35:27.870] [INFO] pack - > Ready on http://localhost:3001
[2018-12-05T14:35:37.240] [INFO] pack - 可打包项
[2018-12-05T14:35:37.243] [INFO] pack - 可下载项 [ { name: 'Lubanso-1.2.0.dmg',
    url: 'http://localhost:3001/static/output/Lubanso-1.2.0.dmg' } ]
[2018-12-05T14:35:43.137] [INFO] pack - 可打包项
[2018-12-05T14:35:43.138] [INFO] pack - 可下载项 [ { name: 'Lubanso-1.2.0.dmg',
    url: 'http://localhost:3001/static/output/Lubanso-1.2.0.dmg' } ]
[2018-12-05T14:37:04.184] [INFO] pack - > Ready on http://localhost:3001
[2018-12-05T14:37:13.828] [INFO] pack - 可下载项 [ { name: 'Lubanso-1.2.0.dmg',
    url: 'http://localhost:3001/static/output/Lubanso-1.2.0.dmg' } ]
[2018-12-05T14:37:13.832] [INFO] pack - 可打包项
[2018-12-05T14:39:02.297] [INFO] pack - > Ready on http://localhost:3001
[2018-12-05T14:39:08.461] [INFO] pack - 可下载项 [ { name: 'Lubanso-1.2.0.dmg',
    url: 'http://localhost:3001/static/output/Lubanso-1.2.0.dmg' } ]
[2018-12-05T14:39:08.466] [INFO] pack - 可打包项
[2018-12-05T14:39:29.450] [INFO] pack - 可打包项
[2018-12-05T14:39:29.451] [INFO] pack - 可下载项 [ { name: 'Lubanso-1.2.0.dmg',
    url: 'http://localhost:3001/static/output/Lubanso-1.2.0.dmg' } ]
[2018-12-05T14:40:45.849] [INFO] pack - > Ready on http://localhost:3001
[2018-12-05T14:40:58.142] [INFO] pack - 可打包项
[2018-12-05T14:40:58.158] [INFO] pack - 可下载项 [ { name: 'Lubanso-1.2.0.dmg',
    url: 'http://localhost:3001/static/output/Lubanso-1.2.0.dmg' } ]
[2018-12-05T14:41:49.966] [INFO] pack - 可打包项
[2018-12-05T14:41:49.967] [INFO] pack - 可下载项 [ { name: 'Lubanso-1.2.0.dmg',
    url: 'http://localhost:3001/static/output/Lubanso-1.2.0.dmg' } ]
[2018-12-05T14:42:15.906] [INFO] pack - 可打包项
[2018-12-05T14:42:15.906] [INFO] pack - 可下载项 [ { name: 'Lubanso-1.2.0.dmg',
    url: 'http://localhost:3001/static/output/Lubanso-1.2.0.dmg' } ]
[2018-12-05T14:42:27.839] [INFO] pack - 可打包项
[2018-12-05T14:42:27.839] [INFO] pack - 可下载项 [ { name: 'Lubanso-1.2.0.dmg',
    url: 'http://localhost:3001/static/output/Lubanso-1.2.0.dmg' } ]
[2018-12-05T14:43:09.087] [INFO] pack - 可下载项 [ { name: 'Lubanso-1.2.0.dmg',
    url: 'http://localhost:3001/static/output/Lubanso-1.2.0.dmg' } ]
[2018-12-05T14:43:09.089] [INFO] pack - 可打包项
[2018-12-05T14:43:43.805] [INFO] pack - /Users/USER/TrainingCamp/lubanso-packager/lubanso/1.2.0/app/pyserver/ storage dir
[2018-12-05T14:46:05.697] [INFO] pack - > Ready on http://localhost:3001
[2018-12-05T14:46:14.943] [INFO] pack - 可打包项
[2018-12-05T14:46:14.946] [INFO] pack - 可下载项 [ { name: 'Lubanso-1.2.0.dmg',
    url: 'http://localhost:3001/static/output/Lubanso-1.2.0.dmg' } ]
[2018-12-05T14:48:07.373] [INFO] pack - /Users/USER/TrainingCamp/lubanso-packager/lubanso/1.2.0/app/pyserver/ storage dir
[2018-12-05T14:48:08.064] [INFO] pack - core_win filesUnziped
[2018-12-05T14:50:56.526] [INFO] pack - 可打包项
[2018-12-05T14:50:56.528] [INFO] pack - 可下载项 [ { name: 'Lubanso-1.2.0.dmg',
    url: 'http://localhost:3001/static/output/Lubanso-1.2.0.dmg' } ]
[2018-12-05T14:51:11.470] [INFO] pack - 可打包项
[2018-12-05T14:51:11.474] [INFO] pack - 可下载项 [ { name: 'Lubanso-1.2.0.dmg',
    url: 'http://localhost:3001/static/output/Lubanso-1.2.0.dmg' } ]
[2018-12-05T14:51:29.657] [INFO] pack - 可打包项
[2018-12-05T14:51:29.658] [INFO] pack - 可下载项 [ { name: 'Lubanso-1.2.0.dmg',
    url: 'http://localhost:3001/static/output/Lubanso-1.2.0.dmg' } ]
[2018-12-05T14:51:47.200] [INFO] pack - 可打包项
[2018-12-05T14:51:47.202] [INFO] pack - 可下载项 [ { name: 'Lubanso-1.2.0.dmg',
    url: 'http://localhost:3001/static/output/Lubanso-1.2.0.dmg' } ]
[2018-12-05T14:51:50.938] [INFO] pack - 可打包项
[2018-12-05T14:51:50.939] [INFO] pack - 可下载项 [ { name: 'Lubanso-1.2.0.dmg',
    url: 'http://localhost:3001/static/output/Lubanso-1.2.0.dmg' } ]
[2018-12-05T14:51:55.164] [INFO] pack - 可下载项 [ { name: 'Lubanso-1.2.0.dmg',
    url: 'http://localhost:3001/static/output/Lubanso-1.2.0.dmg' } ]
[2018-12-05T14:51:55.165] [INFO] pack - 可打包项
[2018-12-05T14:52:35.685] [INFO] pack - 可打包项
[2018-12-05T14:52:35.686] [INFO] pack - 可下载项 [ { name: 'Lubanso-1.2.0.dmg',
    url: 'http://localhost:3001/static/output/Lubanso-1.2.0.dmg' } ]
[2018-12-05T14:52:43.127] [INFO] pack - 可打包项
[2018-12-05T14:52:43.132] [INFO] pack - 可下载项 [ { name: 'Lubanso-1.2.0.dmg',
    url: 'http://localhost:3001/static/output/Lubanso-1.2.0.dmg' } ]
[2018-12-05T14:53:33.013] [INFO] pack - 可打包项
[2018-12-05T14:53:33.015] [INFO] pack - 可下载项 [ { name: 'Lubanso-1.2.0.dmg',
    url: 'http://localhost:3001/static/output/Lubanso-1.2.0.dmg' } ]
[2018-12-05T14:53:38.250] [INFO] pack - 可打包项
[2018-12-05T14:53:38.251] [INFO] pack - 可下载项 [ { name: 'Lubanso-1.2.0.dmg',
    url: 'http://localhost:3001/static/output/Lubanso-1.2.0.dmg' } ]
[2018-12-05T14:54:04.584] [INFO] pack - 可打包项
[2018-12-05T14:54:04.585] [INFO] pack - 可下载项 [ { name: 'Lubanso-1.2.0.dmg',
    url: 'http://localhost:3001/static/output/Lubanso-1.2.0.dmg' } ]
[2018-12-05T14:54:08.757] [INFO] pack - 可打包项
[2018-12-05T14:54:08.758] [INFO] pack - 可下载项 [ { name: 'Lubanso-1.2.0.dmg',
    url: 'http://localhost:3001/static/output/Lubanso-1.2.0.dmg' } ]
[2018-12-05T14:54:14.430] [INFO] pack - 可打包项
[2018-12-05T14:54:14.431] [INFO] pack - 可下载项 [ { name: 'Lubanso-1.2.0.dmg',
    url: 'http://localhost:3001/static/output/Lubanso-1.2.0.dmg' } ]
[2018-12-05T14:54:30.696] [INFO] pack - 可打包项
[2018-12-05T14:54:30.700] [INFO] pack - 可下载项 [ { name: 'Lubanso-1.2.0.dmg',
    url: 'http://localhost:3001/static/output/Lubanso-1.2.0.dmg' } ]
[2018-12-05T14:55:03.046] [INFO] pack - 可打包项
[2018-12-05T14:55:03.048] [INFO] pack - 可下载项 [ { name: 'Lubanso-1.2.0.dmg',
    url: 'http://localhost:3001/static/output/Lubanso-1.2.0.dmg' } ]
[2018-12-05T14:56:18.351] [INFO] pack - 可打包项
[2018-12-05T14:56:18.355] [INFO] pack - 可下载项 [ { name: 'Lubanso-1.2.0.dmg',
    url: 'http://localhost:3001/static/output/Lubanso-1.2.0.dmg' } ]
[2018-12-05T14:58:39.270] [INFO] pack - 可打包项
[2018-12-05T14:58:39.271] [INFO] pack - 可下载项 [ { name: 'Lubanso-1.2.0.dmg',
    url: 'http://localhost:3001/static/output/Lubanso-1.2.0.dmg' } ]
[2018-12-05T14:58:49.592] [INFO] pack - 可打包项
[2018-12-05T14:58:49.593] [INFO] pack - 可下载项 [ { name: 'Lubanso-1.2.0.dmg',
    url: 'http://localhost:3001/static/output/Lubanso-1.2.0.dmg' } ]
[2018-12-05T15:03:07.867] [INFO] pack - > Ready on http://localhost:3001
[2018-12-05T15:04:16.877] [INFO] pack - 可下载项 [ { name: 'Lubanso-1.2.0.dmg',
    url: 'http://localhost:3001/static/output/Lubanso-1.2.0.dmg' } ]
[2018-12-05T15:04:16.882] [INFO] pack - 可打包项
[2018-12-05T15:04:39.397] [INFO] pack - 可打包项
[2018-12-05T15:04:39.398] [INFO] pack - 可下载项 [ { name: 'Lubanso-1.2.0.dmg',
    url: 'http://localhost:3001/static/output/Lubanso-1.2.0.dmg' } ]
[2018-12-05T15:04:53.152] [INFO] pack - 可打包项
[2018-12-05T15:04:53.154] [INFO] pack - 可下载项 [ { name: 'Lubanso-1.2.0.dmg',
    url: 'http://localhost:3001/static/output/Lubanso-1.2.0.dmg' } ]
[2018-12-05T15:05:00.851] [INFO] pack - 可打包项
[2018-12-05T15:05:00.852] [INFO] pack - 可下载项 [ { name: 'Lubanso-1.2.0.dmg',
    url: 'http://localhost:3001/static/output/Lubanso-1.2.0.dmg' } ]
[2018-12-05T15:05:08.802] [ERROR] pack - getCorePlatForm err 读取core目录失败
[2018-12-05T15:09:12.845] [ERROR] pack - getCorePlatForm err 读取core目录失败
[2018-12-05T15:09:25.042] [INFO] pack - /Users/USER/TrainingCamp/lubanso-packager/lubanso/1.1.0/app/pyserver/ storage dir
[2018-12-05T15:09:25.587] [INFO] pack - core_win filesUnziped
[2018-12-05T15:09:27.996] [INFO] pack - /Users/USER/TrainingCamp/lubanso-packager/lubanso/1.1.0/app/pyserver/ storage dir
[2018-12-05T15:09:28.523] [INFO] pack - core filesUnziped
[2018-12-05T15:11:22.272] [INFO] pack - > Ready on http://localhost:3001
[2018-12-05T15:11:30.407] [INFO] pack - 可打包项
[2018-12-05T15:11:30.415] [INFO] pack - 可下载项 [ { name: 'Lubanso-1.2.0.dmg',
    url: 'http://localhost:3001/static/output/Lubanso-1.2.0.dmg' } ]
[2018-12-05T15:13:04.259] [INFO] pack - 可打包项
[2018-12-05T15:13:04.260] [INFO] pack - 可下载项 [ { name: 'Lubanso-1.2.0.dmg',
    url: 'http://localhost:3001/static/output/Lubanso-1.2.0.dmg' } ]
[2018-12-05T15:13:27.771] [INFO] pack - > Ready on http://localhost:3001
[2018-12-05T15:13:35.494] [INFO] pack - 可打包项
[2018-12-05T15:13:35.498] [INFO] pack - 可下载项 [ { name: 'Lubanso-1.2.0.dmg',
    url: 'http://localhost:3001/static/output/Lubanso-1.2.0.dmg' } ]
[2018-12-05T15:13:59.418] [INFO] pack - 可打包项
[2018-12-05T15:13:59.421] [INFO] pack - 可下载项 [ { name: 'Lubanso-1.2.0.dmg',
    url: 'http://localhost:3001/static/output/Lubanso-1.2.0.dmg' } ]
[2018-12-05T15:14:03.770] [INFO] pack - 可打包项
[2018-12-05T15:14:03.771] [INFO] pack - 可下载项 [ { name: 'Lubanso-1.2.0.dmg',
    url: 'http://localhost:3001/static/output/Lubanso-1.2.0.dmg' } ]
[2018-12-05T15:17:20.218] [INFO] pack - 可打包项
[2018-12-05T15:17:20.219] [INFO] pack - 可下载项 [ { name: 'Lubanso-1.2.0.dmg',
    url: 'http://localhost:3001/static/output/Lubanso-1.2.0.dmg' } ]
[2018-12-05T15:17:23.573] [INFO] pack - 可打包项
[2018-12-05T15:17:23.574] [INFO] pack - 可下载项 [ { name: 'Lubanso-1.2.0.dmg',
    url: 'http://localhost:3001/static/output/Lubanso-1.2.0.dmg' } ]
[2018-12-05T15:17:30.597] [INFO] pack - 可打包项
[2018-12-05T15:17:30.598] [INFO] pack - 可下载项 [ { name: 'Lubanso-1.2.0.dmg',
    url: 'http://localhost:3001/static/output/Lubanso-1.2.0.dmg' } ]
[2018-12-05T15:17:32.640] [ERROR] pack - getCorePlatForm err 读取core目录失败
[2018-12-05T15:17:43.360] [INFO] pack - 可打包项
[2018-12-05T15:17:43.361] [INFO] pack - 可下载项 [ { name: 'Lubanso-1.2.0.dmg',
    url: 'http://localhost:3001/static/output/Lubanso-1.2.0.dmg' } ]
[2018-12-05T15:18:14.299] [INFO] pack - 可打包项
[2018-12-05T15:18:14.302] [INFO] pack - 可下载项 [ { name: 'Lubanso-1.2.0.dmg',
    url: 'http://localhost:3001/static/output/Lubanso-1.2.0.dmg' } ]
[2018-12-05T15:19:00.467] [INFO] pack - 可打包项
[2018-12-05T15:19:00.468] [INFO] pack - 可下载项 [ { name: 'Lubanso-1.2.0.dmg',
    url: 'http://localhost:3001/static/output/Lubanso-1.2.0.dmg' } ]
[2018-12-05T15:19:26.352] [INFO] pack - 可打包项
[2018-12-05T15:19:26.353] [INFO] pack - 可下载项 [ { name: 'Lubanso-1.2.0.dmg',
    url: 'http://localhost:3001/static/output/Lubanso-1.2.0.dmg' } ]
[2018-12-05T15:19:32.734] [INFO] pack - 可打包项
[2018-12-05T15:19:32.736] [INFO] pack - 可下载项 [ { name: 'Lubanso-1.2.0.dmg',
    url: 'http://localhost:3001/static/output/Lubanso-1.2.0.dmg' } ]
[2018-12-05T15:20:22.851] [INFO] pack - 可打包项
[2018-12-05T15:20:22.852] [INFO] pack - 可下载项 [ { name: 'Lubanso-1.2.0.dmg',
    url: 'http://localhost:3001/static/output/Lubanso-1.2.0.dmg' } ]
[2018-12-05T15:20:27.954] [INFO] pack - 可打包项
[2018-12-05T15:20:27.955] [INFO] pack - 可下载项 [ { name: 'Lubanso-1.2.0.dmg',
    url: 'http://localhost:3001/static/output/Lubanso-1.2.0.dmg' } ]
[2018-12-05T15:20:49.453] [INFO] pack - 可打包项
[2018-12-05T15:20:49.455] [INFO] pack - 可下载项 [ { name: 'Lubanso-1.2.0.dmg',
    url: 'http://localhost:3001/static/output/Lubanso-1.2.0.dmg' } ]
[2018-12-05T15:20:54.575] [INFO] pack - 可打包项
[2018-12-05T15:20:54.575] [INFO] pack - 可下载项 [ { name: 'Lubanso-1.2.0.dmg',
    url: 'http://localhost:3001/static/output/Lubanso-1.2.0.dmg' } ]
[2018-12-05T15:21:00.598] [INFO] pack - 可打包项
[2018-12-05T15:21:00.598] [INFO] pack - 可下载项 [ { name: 'Lubanso-1.2.0.dmg',
    url: 'http://localhost:3001/static/output/Lubanso-1.2.0.dmg' } ]
[2018-12-05T15:21:11.050] [INFO] pack - 可打包项
[2018-12-05T15:21:11.055] [INFO] pack - 可下载项 [ { name: 'Lubanso-1.2.0.dmg',
    url: 'http://localhost:3001/static/output/Lubanso-1.2.0.dmg' } ]
[2018-12-05T15:21:27.621] [INFO] pack - 可打包项
[2018-12-05T15:21:27.622] [INFO] pack - 可下载项 [ { name: 'Lubanso-1.2.0.dmg',
    url: 'http://localhost:3001/static/output/Lubanso-1.2.0.dmg' } ]
[2018-12-05T15:21:54.617] [INFO] pack - 可打包项
[2018-12-05T15:21:54.617] [INFO] pack - 可下载项 [ { name: 'Lubanso-1.2.0.dmg',
    url: 'http://localhost:3001/static/output/Lubanso-1.2.0.dmg' } ]
[2018-12-05T15:22:37.277] [INFO] pack - 可打包项
[2018-12-05T15:22:37.278] [INFO] pack - 可下载项 [ { name: 'Lubanso-1.2.0.dmg',
    url: 'http://localhost:3001/static/output/Lubanso-1.2.0.dmg' } ]
[2018-12-05T15:22:40.358] [ERROR] pack - getCorePlatForm err 读取core目录失败
[2018-12-05T15:22:48.118] [INFO] pack - /Users/USER/TrainingCamp/lubanso-packager/lubanso/1.1.0/app/pyserver/ storage dir
[2018-12-05T15:22:48.764] [INFO] pack - core_win filesUnziped
